<?xml version="1.0" encoding="UTF-8"?>
<!-- Generated by org.testng.reporters.JUnitXMLReporter -->
<testsuite hostname="DESKTOP-OGBIQL2" ignored="0" name="Surefire test" tests="6" failures="0" timestamp="12 Dec 2021 07:22:35 GMT" time="0.282" errors="0">
  <testcase name="api" time="0.025" classname="qaclickacademy.APITest"/>
  <testcase name="api2" time="0.0" classname="qaclickacademy.APITest"/>
  <testcase name="APPIUM" time="0.0" classname="qaclickacademy.AppiumTest"/>
  <testcase name="APPIUM2" time="0.0" classname="qaclickacademy.AppiumTest"/>
  <testcase name="Browser" time="0.0" classname="qaclickacademy.SeleinumTest"/>
  <testcase name="Browser2" time="0.001" classname="qaclickacademy.SeleinumTest"/>
</testsuite> <!-- Surefire test -->
