<?xml version="1.0" encoding="UTF-8"?>
<testng-results skipped="0" failed="0" ignored="0" total="2" passed="2">
  <reporter-output>
  </reporter-output>
  <suite name="Default suite" duration-ms="189" started-at="2021-12-12T13:18:20 PKT" finished-at="2021-12-12T13:18:20 PKT">
    <groups>
    </groups>
    <test name="Default test" duration-ms="189" started-at="2021-12-12T13:18:20 PKT" finished-at="2021-12-12T13:18:20 PKT">
      <class name="qaclickacademy.SeleinumTest">
        <test-method status="PASS" signature="Browser()[pri:0, instance:qaclickacademy.SeleinumTest@16e2f39]" name="Browser" duration-ms="26" started-at="2021-12-12T13:18:20 PKT" finished-at="2021-12-12T13:18:20 PKT">
          <reporter-output>
          </reporter-output>
        </test-method> <!-- Browser -->
        <test-method status="PASS" signature="Browser2()[pri:0, instance:qaclickacademy.SeleinumTest@16e2f39]" name="Browser2" duration-ms="3" started-at="2021-12-12T13:18:20 PKT" finished-at="2021-12-12T13:18:20 PKT">
          <reporter-output>
          </reporter-output>
        </test-method> <!-- Browser2 -->
      </class> <!-- qaclickacademy.SeleinumTest -->
    </test> <!-- Default test -->
  </suite> <!-- Default suite -->
</testng-results>
